# JRE version: Java(TM) SE Runtime Environment (8.0_211-b12) (build 1.8.0_211-b12)
# Java VM: Java HotSpot(TM) 64-Bit Server VM (25.211-b12 mixed mode linux-amd64 compressed oops)
Heap:
 PSYoungGen      total 241664K, used 12943K [0x00000000d6800000, 0x00000000e8800000, 0x0000000100000000)
  eden space 223232K, 0% used [0x00000000d6800000,0x00000000d6800000,0x00000000e4200000)
  from space 18432K, 70% used [0x00000000e4200000,0x00000000e4ea3c78,0x00000000e5400000)
  to   space 18944K, 0% used [0x00000000e7580000,0x00000000e7580000,0x00000000e8800000)
 ParOldGen       total 93184K, used 26463K [0x0000000083800000, 0x0000000089300000, 0x00000000d6800000)
  object space 93184K, 28% used [0x0000000083800000,0x00000000851d7fe0,0x0000000089300000)
 Metaspace       used 55900K, capacity 58982K, committed 59096K, reserved 1099776K
  class space    used 7866K, capacity 8417K, committed 8448K, reserved 1048576K
GC Heap History (10 events):
Event: 3,412 GC heap after
Heap after GC invocations=9 (full 1):
 PSYoungGen      total 179200K, used 10736K [0x00000000d6800000, 0x00000000e4880000, 0x0000000100000000)
  eden space 168448K, 0% used [0x00000000d6800000,0x00000000d6800000,0x00000000e0c80000)
  from space 10752K, 99% used [0x00000000e1b80000,0x00000000e25fc348,0x00000000e2600000)
  to   space 15360K, 0% used [0x00000000e0c80000,0x00000000e0c80000,0x00000000e1b80000)
 ParOldGen       total 51712K, used 14366K [0x0000000083800000, 0x0000000086a80000, 0x00000000d6800000)
  object space 51712K, 27% used [0x0000000083800000,0x0000000084607908,0x0000000086a80000)
 Metaspace       used 32028K, capacity 33684K, committed 33920K, reserved 1079296K
  class space    used 4346K, capacity 4672K, committed 4736K, reserved 1048576K
}
Event: 3,800 GC heap before
{Heap before GC invocations=10 (full 1):
 PSYoungGen      total 179200K, used 80858K [0x00000000d6800000, 0x00000000e4880000, 0x0000000100000000)
  eden space 168448K, 41% used [0x00000000d6800000,0x00000000dac7a7c8,0x00000000e0c80000)
  from space 10752K, 99% used [0x00000000e1b80000,0x00000000e25fc348,0x00000000e2600000)
  to   space 15360K, 0% used [0x00000000e0c80000,0x00000000e0c80000,0x00000000e1b80000)
 ParOldGen       total 51712K, used 14366K [0x0000000083800000, 0x0000000086a80000, 0x00000000d6800000)
  object space 51712K, 27% used [0x0000000083800000,0x0000000084607908,0x0000000086a80000)
 Metaspace       used 33548K, capacity 35410K, committed 35456K, reserved 1079296K
  class space    used 4587K, capacity 4961K, committed 4992K, reserved 1048576K
Event: 3,814 GC heap after
Heap after GC invocations=10 (full 1):
 PSYoungGen      total 183808K, used 11098K [0x00000000d6800000, 0x00000000e6600000, 0x0000000100000000)
  eden space 168448K, 0% used [0x00000000d6800000,0x00000000d6800000,0x00000000e0c80000)
  from space 15360K, 72% used [0x00000000e0c80000,0x00000000e1756860,0x00000000e1b80000)
  to   space 15872K, 0% used [0x00000000e5680000,0x00000000e5680000,0x00000000e6600000)
 ParOldGen       total 51712K, used 16311K [0x0000000083800000, 0x0000000086a80000, 0x00000000d6800000)
  object space 51712K, 31% used [0x0000000083800000,0x00000000847ede38,0x0000000086a80000)
 Metaspace       used 33548K, capacity 35410K, committed 35456K, reserved 1079296K
  class space    used 4587K, capacity 4961K, committed 4992K, reserved 1048576K
}
Event: 3,814 GC heap before
{Heap before GC invocations=11 (full 2):
 PSYoungGen      total 183808K, used 11098K [0x00000000d6800000, 0x00000000e6600000, 0x0000000100000000)
  eden space 168448K, 0% used [0x00000000d6800000,0x00000000d6800000,0x00000000e0c80000)
  from space 15360K, 72% used [0x00000000e0c80000,0x00000000e1756860,0x00000000e1b80000)
  to   space 15872K, 0% used [0x00000000e5680000,0x00000000e5680000,0x00000000e6600000)
 ParOldGen       total 51712K, used 16311K [0x0000000083800000, 0x0000000086a80000, 0x00000000d6800000)
  object space 51712K, 31% used [0x0000000083800000,0x00000000847ede38,0x0000000086a80000)
 Metaspace       used 33548K, capacity 35410K, committed 35456K, reserved 1079296K
  class space    used 4587K, capacity 4961K, committed 4992K, reserved 1048576K
Event: 3,943 GC heap after
Heap after GC invocations=11 (full 2):
 PSYoungGen      total 183808K, used 0K [0x00000000d6800000, 0x00000000e6600000, 0x0000000100000000)
  eden space 168448K, 0% used [0x00000000d6800000,0x00000000d6800000,0x00000000e0c80000)
  from space 15360K, 0% used [0x00000000e0c80000,0x00000000e0c80000,0x00000000e1b80000)
  to   space 15872K, 0% used [0x00000000e5680000,0x00000000e5680000,0x00000000e6600000)
 ParOldGen       total 93184K, used 20874K [0x0000000083800000, 0x0000000089300000, 0x00000000d6800000)
  object space 93184K, 22% used [0x0000000083800000,0x0000000084c62ac8,0x0000000089300000)
 Metaspace       used 33548K, capacity 35410K, committed 35456K, reserved 1079296K
  class space    used 4587K, capacity 4961K, committed 4992K, reserved 1048576K
}
Event: 5,576 GC heap before
{Heap before GC invocations=12 (full 2):
 PSYoungGen      total 183808K, used 168448K [0x00000000d6800000, 0x00000000e6600000, 0x0000000100000000)
  eden space 168448K, 100% used [0x00000000d6800000,0x00000000e0c80000,0x00000000e0c80000)
  from space 15360K, 0% used [0x00000000e0c80000,0x00000000e0c80000,0x00000000e1b80000)
  to   space 15872K, 0% used [0x00000000e5680000,0x00000000e5680000,0x00000000e6600000)
 ParOldGen       total 93184K, used 20874K [0x0000000083800000, 0x0000000089300000, 0x00000000d6800000)
  object space 93184K, 22% used [0x0000000083800000,0x0000000084c62ac8,0x0000000089300000)
 Metaspace       used 47889K, capacity 50010K, committed 50176K, reserved 1091584K
  class space    used 6708K, capacity 7109K, committed 7168K, reserved 1048576K
Event: 5,591 GC heap after
Heap after GC invocations=12 (full 2):
 PSYoungGen      total 225792K, used 15845K [0x00000000d6800000, 0x00000000e6600000, 0x0000000100000000)
  eden space 209920K, 0% used [0x00000000d6800000,0x00000000d6800000,0x00000000e3500000)
  from space 15872K, 99% used [0x00000000e5680000,0x00000000e65f97b8,0x00000000e6600000)
  to   space 18432K, 0% used [0x00000000e4200000,0x00000000e4200000,0x00000000e5400000)
 ParOldGen       total 93184K, used 21294K [0x0000000083800000, 0x0000000089300000, 0x00000000d6800000)
  object space 93184K, 22% used [0x0000000083800000,0x0000000084ccb960,0x0000000089300000)
 Metaspace       used 47889K, capacity 50010K, committed 50176K, reserved 1091584K
  class space    used 6708K, capacity 7109K, committed 7168K, reserved 1048576K
}
Event: 7,169 GC heap before
{Heap before GC invocations=13 (full 2):
 PSYoungGen      total 225792K, used 173850K [0x00000000d6800000, 0x00000000e6600000, 0x0000000100000000)
  eden space 209920K, 75% used [0x00000000d6800000,0x00000000e024d2d0,0x00000000e3500000)
  from space 15872K, 99% used [0x00000000e5680000,0x00000000e65f97b8,0x00000000e6600000)
  to   space 18432K, 0% used [0x00000000e4200000,0x00000000e4200000,0x00000000e5400000)
 ParOldGen       total 93184K, used 21294K [0x0000000083800000, 0x0000000089300000, 0x00000000d6800000)
  object space 93184K, 22% used [0x0000000083800000,0x0000000084ccb960,0x0000000089300000)
 Metaspace       used 55900K, capacity 58982K, committed 59096K, reserved 1099776K
  class space    used 7866K, capacity 8417K, committed 8448K, reserved 1048576K
Event: 7,185 GC heap after
Heap after GC invocations=13 (full 2):
 PSYoungGen      total 241664K, used 12943K [0x00000000d6800000, 0x00000000e8800000, 0x0000000100000000)
  eden space 223232K, 0% used [0x00000000d6800000,0x00000000d6800000,0x00000000e4200000)
  from space 18432K, 70% used [0x00000000e4200000,0x00000000e4ea3c78,0x00000000e5400000)
  to   space 18944K, 0% used [0x00000000e7580000,0x00000000e7580000,0x00000000e8800000)
 ParOldGen       total 93184K, used 26463K [0x0000000083800000, 0x0000000089300000, 0x00000000d6800000)
  object space 93184K, 28% used [0x0000000083800000,0x00000000851d7fe0,0x0000000089300000)
 Metaspace       used 55900K, capacity 58982K, committed 59096K, reserved 1099776K
  class space    used 7866K, capacity 8417K, committed 8448K, reserved 1048576K
}
Event: 7,185 GC heap before
{Heap before GC invocations=14 (full 3):
 PSYoungGen      total 241664K, used 12943K [0x00000000d6800000, 0x00000000e8800000, 0x0000000100000000)
  eden space 223232K, 0% used [0x00000000d6800000,0x00000000d6800000,0x00000000e4200000)
  from space 18432K, 70% used [0x00000000e4200000,0x00000000e4ea3c78,0x00000000e5400000)
  to   space 18944K, 0% used [0x00000000e7580000,0x00000000e7580000,0x00000000e8800000)
 ParOldGen       total 93184K, used 26463K [0x0000000083800000, 0x0000000089300000, 0x00000000d6800000)
  object space 93184K, 28% used [0x0000000083800000,0x00000000851d7fe0,0x0000000089300000)
 Metaspace       used 55900K, capacity 58982K, committed 59096K, reserved 1099776K
  class space    used 7866K, capacity 8417K, committed 8448K, reserved 1048576K

